2023-07-25 06:07:183 INFO  LoginPage :38 - Click on login link : [[ChromeDriver: chrome on windows (ae5cb20124807966bbd555b2f2ea35b7)] -> xpath: //a[contains(text(),'Log in')]]
2023-07-25 06:07:281 INFO  LoginPage :41 - Send text to email : [[ChromeDriver: chrome on windows (ae5cb20124807966bbd555b2f2ea35b7)] -> id: Email]
2023-07-25 06:07:362 INFO  LoginPage :46 - Send text to password : [[ChromeDriver: chrome on windows (ae5cb20124807966bbd555b2f2ea35b7)] -> name: Password]
2023-07-25 06:07:755 INFO  LoginPage :51 - Click on login button : [[ChromeDriver: chrome on windows (ae5cb20124807966bbd555b2f2ea35b7)] -> xpath: //button[contains(text(),'Log in')]]
2023-07-25 06:07:394 INFO  LoginPage :38 - Click on login link : [[ChromeDriver: chrome on windows (f1c77af7143e7cee6fa01438925a2a01)] -> xpath: //a[contains(text(),'Log in')]]
2023-07-25 06:07:483 INFO  LoginPage :41 - Send text to email : [[ChromeDriver: chrome on windows (f1c77af7143e7cee6fa01438925a2a01)] -> id: Email]
2023-07-25 06:07:569 INFO  LoginPage :46 - Send text to password : [[ChromeDriver: chrome on windows (f1c77af7143e7cee6fa01438925a2a01)] -> name: Password]
2023-07-25 06:07:946 INFO  LoginPage :51 - Click on login button : [[ChromeDriver: chrome on windows (f1c77af7143e7cee6fa01438925a2a01)] -> xpath: //button[contains(text(),'Log in')]]
2023-07-25 06:07:572 INFO  LoginPage :38 - Click on login link : [[ChromeDriver: chrome on windows (24b8649d66693751e55664b88e2be0b8)] -> xpath: //a[contains(text(),'Log in')]]
2023-07-25 06:07:643 INFO  LoginPage :41 - Send text to email : [[ChromeDriver: chrome on windows (24b8649d66693751e55664b88e2be0b8)] -> id: Email]
2023-07-25 06:07:715 INFO  LoginPage :46 - Send text to password : [[ChromeDriver: chrome on windows (24b8649d66693751e55664b88e2be0b8)] -> name: Password]
2023-07-25 06:07:42 INFO  LoginPage :51 - Click on login button : [[ChromeDriver: chrome on windows (24b8649d66693751e55664b88e2be0b8)] -> xpath: //button[contains(text(),'Log in')]]
2023-07-25 06:07:422 INFO  LoginPage :38 - Click on login link : [[ChromeDriver: chrome on windows (90fddb2a4266d05d4e5a7661edbdd639)] -> xpath: //a[contains(text(),'Log in')]]
2023-07-25 06:07:520 INFO  LoginPage :41 - Send text to email : [[ChromeDriver: chrome on windows (90fddb2a4266d05d4e5a7661edbdd639)] -> id: Email]
2023-07-25 06:07:596 INFO  LoginPage :46 - Send text to password : [[ChromeDriver: chrome on windows (90fddb2a4266d05d4e5a7661edbdd639)] -> name: Password]
2023-07-25 06:07:941 INFO  LoginPage :51 - Click on login button : [[ChromeDriver: chrome on windows (90fddb2a4266d05d4e5a7661edbdd639)] -> xpath: //button[contains(text(),'Log in')]]
2023-07-25 06:07:219 INFO  LoginPage :38 - Click on login link : [[ChromeDriver: chrome on windows (7b77f73ec030355aec3cda93385385a9)] -> xpath: //a[contains(text(),'Log in')]]
2023-07-25 06:07:301 INFO  LoginPage :41 - Send text to email : [[ChromeDriver: chrome on windows (7b77f73ec030355aec3cda93385385a9)] -> id: Email]
2023-07-25 06:07:365 INFO  LoginPage :46 - Send text to password : [[ChromeDriver: chrome on windows (7b77f73ec030355aec3cda93385385a9)] -> name: Password]
2023-07-25 06:07:745 INFO  LoginPage :51 - Click on login button : [[ChromeDriver: chrome on windows (7b77f73ec030355aec3cda93385385a9)] -> xpath: //button[contains(text(),'Log in')]]
2023-07-25 06:07:279 INFO  LoginPage :38 - Click on login link : [[ChromeDriver: chrome on windows (1c81f9bbe2d2785fa1f6114780e11321)] -> xpath: //a[contains(text(),'Log in')]]
2023-07-25 06:07:349 INFO  LoginPage :41 - Send text to email : [[ChromeDriver: chrome on windows (1c81f9bbe2d2785fa1f6114780e11321)] -> id: Email]
2023-07-25 06:07:413 INFO  LoginPage :46 - Send text to password : [[ChromeDriver: chrome on windows (1c81f9bbe2d2785fa1f6114780e11321)] -> name: Password]
2023-07-25 06:07:747 INFO  LoginPage :51 - Click on login button : [[ChromeDriver: chrome on windows (1c81f9bbe2d2785fa1f6114780e11321)] -> xpath: //button[contains(text(),'Log in')]]
2023-07-25 06:07:885 INFO  LoginPage :38 - Click on login link : [[ChromeDriver: chrome on windows (cfe8ee051159b6b6f840a4ba103472b6)] -> xpath: //a[contains(text(),'Log in')]]
2023-07-25 06:07:919 INFO  LoginPage :56 - Getting text from : [[ChromeDriver: chrome on windows (cfe8ee051159b6b6f840a4ba103472b6)] -> xpath: //h1[contains(text(),'Welcome, Please Sign In!')]]
2023-07-25 06:07:538 INFO  LoginPage :38 - Click on login link : [[ChromeDriver: chrome on windows (f2a503b0c1231ca78f38f8227e11df20)] -> xpath: //a[contains(text(),'Log in')]]
2023-07-25 06:07:627 INFO  LoginPage :41 - Send text to email : [[ChromeDriver: chrome on windows (f2a503b0c1231ca78f38f8227e11df20)] -> id: Email]
2023-07-25 06:07:693 INFO  LoginPage :46 - Send text to password : [[ChromeDriver: chrome on windows (f2a503b0c1231ca78f38f8227e11df20)] -> name: Password]
2023-07-25 06:07:13 INFO  LoginPage :51 - Click on login button : [[ChromeDriver: chrome on windows (f2a503b0c1231ca78f38f8227e11df20)] -> xpath: //button[contains(text(),'Log in')]]
2023-07-25 06:07:456 INFO  LoginPage :38 - Click on login link : [[ChromeDriver: chrome on windows (edd5a82a8861776f3cc8094da44b7de2)] -> xpath: //a[contains(text(),'Log in')]]
2023-07-25 06:07:531 INFO  LoginPage :41 - Send text to email : [[ChromeDriver: chrome on windows (edd5a82a8861776f3cc8094da44b7de2)] -> id: Email]
2023-07-25 06:07:601 INFO  LoginPage :46 - Send text to password : [[ChromeDriver: chrome on windows (edd5a82a8861776f3cc8094da44b7de2)] -> name: Password]
2023-07-25 06:07:916 INFO  LoginPage :51 - Click on login button : [[ChromeDriver: chrome on windows (edd5a82a8861776f3cc8094da44b7de2)] -> xpath: //button[contains(text(),'Log in')]]
2023-07-25 06:07:437 INFO  LoginPage :38 - Click on login link : [[ChromeDriver: chrome on windows (f1421ec6fa6f8f2a260d1d79f23de9db)] -> xpath: //a[contains(text(),'Log in')]]
2023-07-25 06:07:521 INFO  LoginPage :41 - Send text to email : [[ChromeDriver: chrome on windows (f1421ec6fa6f8f2a260d1d79f23de9db)] -> id: Email]
2023-07-25 06:07:596 INFO  LoginPage :46 - Send text to password : [[ChromeDriver: chrome on windows (f1421ec6fa6f8f2a260d1d79f23de9db)] -> name: Password]
2023-07-25 06:07:955 INFO  LoginPage :51 - Click on login button : [[ChromeDriver: chrome on windows (f1421ec6fa6f8f2a260d1d79f23de9db)] -> xpath: //button[contains(text(),'Log in')]]
2023-07-25 06:07:459 INFO  LoginPage :38 - Click on login link : [[ChromeDriver: chrome on windows (e291174fb075b40b62fb4e01ee28738c)] -> xpath: //a[contains(text(),'Log in')]]
2023-07-25 06:07:493 INFO  LoginPage :56 - Getting text from : [[ChromeDriver: chrome on windows (e291174fb075b40b62fb4e01ee28738c)] -> xpath: //h1[contains(text(),'Welcome, Please Sign In!')]]
2023-07-25 06:07:445 INFO  LoginPage :38 - Click on login link : [[ChromeDriver: chrome on windows (7e94a4cde2cefc4215ae31c4a0c25b7b)] -> xpath: //a[contains(text(),'Log in')]]
2023-07-25 06:07:531 INFO  LoginPage :41 - Send text to email : [[ChromeDriver: chrome on windows (7e94a4cde2cefc4215ae31c4a0c25b7b)] -> id: Email]
2023-07-25 06:07:593 INFO  LoginPage :46 - Send text to password : [[ChromeDriver: chrome on windows (7e94a4cde2cefc4215ae31c4a0c25b7b)] -> name: Password]
2023-07-25 06:07:968 INFO  LoginPage :51 - Click on login button : [[ChromeDriver: chrome on windows (7e94a4cde2cefc4215ae31c4a0c25b7b)] -> xpath: //button[contains(text(),'Log in')]]
2023-07-25 06:07:132 INFO  LoginPage :38 - Click on login link : [[ChromeDriver: chrome on windows (d9603c5049449d9806bb3e6fc694f9de)] -> xpath: //a[contains(text(),'Log in')]]
2023-07-25 06:07:206 INFO  LoginPage :41 - Send text to email : [[ChromeDriver: chrome on windows (d9603c5049449d9806bb3e6fc694f9de)] -> id: Email]
2023-07-25 06:07:272 INFO  LoginPage :46 - Send text to password : [[ChromeDriver: chrome on windows (d9603c5049449d9806bb3e6fc694f9de)] -> name: Password]
2023-07-25 06:07:613 INFO  LoginPage :51 - Click on login button : [[ChromeDriver: chrome on windows (d9603c5049449d9806bb3e6fc694f9de)] -> xpath: //button[contains(text(),'Log in')]]
2023-07-25 06:07:328 INFO  LoginPage :38 - Click on login link : [[ChromeDriver: chrome on windows (40b79fca6a56a46c194c6a9c2bb2a3c7)] -> xpath: //a[contains(text(),'Log in')]]
2023-07-25 06:07:406 INFO  LoginPage :41 - Send text to email : [[ChromeDriver: chrome on windows (40b79fca6a56a46c194c6a9c2bb2a3c7)] -> id: Email]
2023-07-25 06:07:477 INFO  LoginPage :46 - Send text to password : [[ChromeDriver: chrome on windows (40b79fca6a56a46c194c6a9c2bb2a3c7)] -> name: Password]
2023-07-25 06:07:888 INFO  LoginPage :51 - Click on login button : [[ChromeDriver: chrome on windows (40b79fca6a56a46c194c6a9c2bb2a3c7)] -> xpath: //button[contains(text(),'Log in')]]
2023-07-25 06:07:653 INFO  LoginPage :38 - Click on login link : [[ChromeDriver: chrome on windows (d9a729c1c71059be5281282e04635dba)] -> xpath: //a[contains(text(),'Log in')]]
2023-07-25 06:07:687 INFO  LoginPage :56 - Getting text from : [[ChromeDriver: chrome on windows (d9a729c1c71059be5281282e04635dba)] -> xpath: //h1[contains(text(),'Welcome, Please Sign In!')]]
2023-07-25 06:07:241 INFO  LoginPage :38 - Click on login link : [[ChromeDriver: chrome on windows (c97196393b8d42fd28792f8b43d034a0)] -> xpath: //a[contains(text(),'Log in')]]
2023-07-25 06:07:371 INFO  LoginPage :41 - Send text to email : [[ChromeDriver: chrome on windows (c97196393b8d42fd28792f8b43d034a0)] -> id: Email]
2023-07-25 06:07:451 INFO  LoginPage :46 - Send text to password : [[ChromeDriver: chrome on windows (c97196393b8d42fd28792f8b43d034a0)] -> name: Password]
2023-07-25 06:07:777 INFO  LoginPage :51 - Click on login button : [[ChromeDriver: chrome on windows (c97196393b8d42fd28792f8b43d034a0)] -> xpath: //button[contains(text(),'Log in')]]
2023-07-25 06:07:971 INFO  LoginPage :38 - Click on login link : [[ChromeDriver: chrome on windows (c15ef0fa15294f07d6ae9ce317de1952)] -> xpath: //a[contains(text(),'Log in')]]
2023-07-25 06:07:44 INFO  LoginPage :41 - Send text to email : [[ChromeDriver: chrome on windows (c15ef0fa15294f07d6ae9ce317de1952)] -> id: Email]
2023-07-25 06:07:119 INFO  LoginPage :46 - Send text to password : [[ChromeDriver: chrome on windows (c15ef0fa15294f07d6ae9ce317de1952)] -> name: Password]
2023-07-25 06:07:530 INFO  LoginPage :51 - Click on login button : [[ChromeDriver: chrome on windows (c15ef0fa15294f07d6ae9ce317de1952)] -> xpath: //button[contains(text(),'Log in')]]
2023-07-25 06:07:44 INFO  LoginPage :38 - Click on login link : [[ChromeDriver: chrome on windows (7d4a55851fcb74f5c916a4bf07d427e1)] -> xpath: //a[contains(text(),'Log in')]]
2023-07-25 06:07:115 INFO  LoginPage :41 - Send text to email : [[ChromeDriver: chrome on windows (7d4a55851fcb74f5c916a4bf07d427e1)] -> id: Email]
2023-07-25 06:07:189 INFO  LoginPage :46 - Send text to password : [[ChromeDriver: chrome on windows (7d4a55851fcb74f5c916a4bf07d427e1)] -> name: Password]
2023-07-25 06:07:517 INFO  LoginPage :51 - Click on login button : [[ChromeDriver: chrome on windows (7d4a55851fcb74f5c916a4bf07d427e1)] -> xpath: //button[contains(text(),'Log in')]]
2023-07-25 06:07:411 INFO  LoginPage :38 - Click on login link : [[ChromeDriver: chrome on windows (3335747f98c3c87a0561ec8c6ce5836e)] -> xpath: //a[contains(text(),'Log in')]]
2023-07-25 06:07:448 INFO  LoginPage :56 - Getting text from : [[ChromeDriver: chrome on windows (3335747f98c3c87a0561ec8c6ce5836e)] -> xpath: //h1[contains(text(),'Welcome, Please Sign In!')]]
2023-07-25 06:07:82 INFO  LoginPage :38 - Click on login link : [[ChromeDriver: chrome on windows (e7448cf259bc0c48970b02828ae5ec47)] -> xpath: //a[contains(text(),'Log in')]]
2023-07-25 06:07:158 INFO  LoginPage :41 - Send text to email : [[ChromeDriver: chrome on windows (e7448cf259bc0c48970b02828ae5ec47)] -> id: Email]
2023-07-25 06:07:226 INFO  LoginPage :46 - Send text to password : [[ChromeDriver: chrome on windows (e7448cf259bc0c48970b02828ae5ec47)] -> name: Password]
2023-07-25 06:07:560 INFO  LoginPage :51 - Click on login button : [[ChromeDriver: chrome on windows (e7448cf259bc0c48970b02828ae5ec47)] -> xpath: //button[contains(text(),'Log in')]]
2023-07-25 06:07:589 INFO  LoginPage :56 - Getting text from : [[ChromeDriver: chrome on windows (e7448cf259bc0c48970b02828ae5ec47)] -> xpath: //h1[contains(text(),'Welcome, Please Sign In!')]]
2023-07-25 06:07:995 INFO  LoginPage :38 - Click on login link : [[ChromeDriver: chrome on windows (710c913a22e9a6097d002e0c6eb1f867)] -> xpath: //a[contains(text(),'Log in')]]
2023-07-25 06:07:65 INFO  LoginPage :41 - Send text to email : [[ChromeDriver: chrome on windows (710c913a22e9a6097d002e0c6eb1f867)] -> id: Email]
2023-07-25 06:07:130 INFO  LoginPage :46 - Send text to password : [[ChromeDriver: chrome on windows (710c913a22e9a6097d002e0c6eb1f867)] -> name: Password]
2023-07-25 06:07:456 INFO  LoginPage :51 - Click on login button : [[ChromeDriver: chrome on windows (710c913a22e9a6097d002e0c6eb1f867)] -> xpath: //button[contains(text(),'Log in')]]
2023-07-25 06:07:481 INFO  LoginPage :56 - Getting text from : [[ChromeDriver: chrome on windows (710c913a22e9a6097d002e0c6eb1f867)] -> xpath: //h1[contains(text(),'Welcome, Please Sign In!')]]
2023-07-25 06:07:849 INFO  LoginPage :38 - Click on login link : [[ChromeDriver: chrome on windows (7ceb4c8a6b2ed5c907c844289c2b5886)] -> xpath: //a[contains(text(),'Log in')]]
2023-07-25 06:07:943 INFO  LoginPage :41 - Send text to email : [[ChromeDriver: chrome on windows (7ceb4c8a6b2ed5c907c844289c2b5886)] -> id: Email]
2023-07-25 06:07:20 INFO  LoginPage :46 - Send text to password : [[ChromeDriver: chrome on windows (7ceb4c8a6b2ed5c907c844289c2b5886)] -> name: Password]
2023-07-25 06:07:361 INFO  LoginPage :51 - Click on login button : [[ChromeDriver: chrome on windows (7ceb4c8a6b2ed5c907c844289c2b5886)] -> xpath: //button[contains(text(),'Log in')]]
2023-07-25 06:07:393 INFO  LoginPage :56 - Getting text from : [[ChromeDriver: chrome on windows (7ceb4c8a6b2ed5c907c844289c2b5886)] -> xpath: //h1[contains(text(),'Welcome, Please Sign In!')]]
2023-07-25 06:07:879 INFO  LoginPage :38 - Click on login link : [[ChromeDriver: chrome on windows (6cff831eb996e40e7082cf00e5904aba)] -> xpath: //a[contains(text(),'Log in')]]
2023-07-25 06:07:913 INFO  LoginPage :56 - Getting text from : [[ChromeDriver: chrome on windows (6cff831eb996e40e7082cf00e5904aba)] -> xpath: //h1[contains(text(),'Welcome, Please Sign In!')]]
2023-07-25 06:07:569 INFO  LoginPage :38 - Click on login link : [[ChromeDriver: chrome on windows (fa58011fcd052f593438045c2668353c)] -> xpath: //a[contains(text(),'Log in')]]
2023-07-25 06:07:662 INFO  LoginPage :41 - Send text to email : [[ChromeDriver: chrome on windows (fa58011fcd052f593438045c2668353c)] -> id: Email]
2023-07-25 06:07:730 INFO  LoginPage :46 - Send text to password : [[ChromeDriver: chrome on windows (fa58011fcd052f593438045c2668353c)] -> name: Password]
2023-07-25 06:07:161 INFO  LoginPage :51 - Click on login button : [[ChromeDriver: chrome on windows (fa58011fcd052f593438045c2668353c)] -> xpath: //button[contains(text(),'Log in')]]
2023-07-25 06:07:193 INFO  LoginPage :56 - Getting text from : [[ChromeDriver: chrome on windows (fa58011fcd052f593438045c2668353c)] -> xpath: //h1[contains(text(),'Welcome, Please Sign In!')]]
2023-07-25 06:07:82 INFO  LoginPage :38 - Click on login link : [[ChromeDriver: chrome on windows (b5b1c5b8abae37300b07a01b002bc110)] -> xpath: //a[contains(text(),'Log in')]]
2023-07-25 06:07:155 INFO  LoginPage :41 - Send text to email : [[ChromeDriver: chrome on windows (b5b1c5b8abae37300b07a01b002bc110)] -> id: Email]
2023-07-25 06:07:218 INFO  LoginPage :46 - Send text to password : [[ChromeDriver: chrome on windows (b5b1c5b8abae37300b07a01b002bc110)] -> name: Password]
2023-07-25 06:07:501 INFO  LoginPage :51 - Click on login button : [[ChromeDriver: chrome on windows (b5b1c5b8abae37300b07a01b002bc110)] -> xpath: //button[contains(text(),'Log in')]]
2023-07-25 06:07:566 INFO  LoginPage :56 - Getting text from : [[ChromeDriver: chrome on windows (b5b1c5b8abae37300b07a01b002bc110)] -> xpath: //h1[contains(text(),'Welcome, Please Sign In!')]]
2023-07-25 06:07:380 INFO  LoginPage :38 - Click on login link : [[ChromeDriver: chrome on windows (2565c4f324da7b13852f70c52ff27773)] -> xpath: //a[contains(text(),'Log in')]]
2023-07-25 06:07:461 INFO  LoginPage :41 - Send text to email : [[ChromeDriver: chrome on windows (2565c4f324da7b13852f70c52ff27773)] -> id: Email]
2023-07-25 06:07:527 INFO  LoginPage :46 - Send text to password : [[ChromeDriver: chrome on windows (2565c4f324da7b13852f70c52ff27773)] -> name: Password]
2023-07-25 06:07:883 INFO  LoginPage :51 - Click on login button : [[ChromeDriver: chrome on windows (2565c4f324da7b13852f70c52ff27773)] -> xpath: //button[contains(text(),'Log in')]]
2023-07-25 06:07:958 INFO  LoginPage :56 - Getting text from : [[ChromeDriver: chrome on windows (2565c4f324da7b13852f70c52ff27773)] -> xpath: //h1[contains(text(),'Welcome, Please Sign In!')]]
